<?xml version="1.0" encoding="UTF-8"?>
<testng-results ignored="0" total="0" passed="0" failed="0" skipped="0">
  <reporter-output>
  </reporter-output>
  <suite started-at="2022-03-11T18:31:43 CET" name="ClientTest" finished-at="2022-03-11T18:31:43 CET" duration-ms="5">
    <groups>
    </groups>
    <test started-at="2022-03-11T18:31:43 CET" name="Command line test" finished-at="2022-03-11T18:31:43 CET" duration-ms="5">
    </test> <!-- Command line test -->
  </suite> <!-- ClientTest -->
</testng-results>
